# JRE version: OpenJDK Runtime Environment (8.0_152-b01) (build 1.8.0_152-release-915-b01)
# Java VM: OpenJDK 64-Bit Server VM (25.152-b01 mixed mode windows-amd64 compressed oops)
Heap:
 PSYoungGen      total 248832K, used 202027K [0x00000000e0000000, 0x00000000f5300000, 0x0000000100000000)
  eden space 227328K, 86% used [0x00000000e0000000,0x00000000ec082d50,0x00000000ede00000)
  from space 21504K, 22% used [0x00000000ede00000,0x00000000ee2c8220,0x00000000ef300000)
  to   space 20992K, 0% used [0x00000000f3e80000,0x00000000f3e80000,0x00000000f5300000)
 ParOldGen       total 133120K, used 75455K [0x00000000a0000000, 0x00000000a8200000, 0x00000000e0000000)
  object space 133120K, 56% used [0x00000000a0000000,0x00000000a49afdd0,0x00000000a8200000)
 Metaspace       used 85658K, capacity 90212K, committed 90328K, reserved 1128448K
  class space    used 11118K, capacity 12182K, committed 12288K, reserved 1048576K
GC Heap History (10 events):
Event: 108.516 GC heap before
{Heap before GC invocations=22 (full 3):
 PSYoungGen      total 188928K, used 177619K [0x00000000e0000000, 0x00000000ecf00000, 0x0000000100000000)
  eden space 173056K, 100% used [0x00000000e0000000,0x00000000ea900000,0x00000000ea900000)
  from space 15872K, 28% used [0x00000000ebf80000,0x00000000ec3f4ff8,0x00000000ecf00000)
  to   space 19456K, 0% used [0x00000000ea900000,0x00000000ea900000,0x00000000ebc00000)
 ParOldGen       total 133120K, used 54740K [0x00000000a0000000, 0x00000000a8200000, 0x00000000e0000000)
  object space 133120K, 41% used [0x00000000a0000000,0x00000000a35753b0,0x00000000a8200000)
 Metaspace       used 68534K, capacity 71576K, committed 71896K, reserved 1112064K
  class space    used 9045K, capacity 9861K, committed 9984K, reserved 1048576K
Event: 108.529 GC heap after
Heap after GC invocations=22 (full 3):
 PSYoungGen      total 192512K, used 3760K [0x00000000e0000000, 0x00000000eee80000, 0x0000000100000000)
  eden space 173056K, 0% used [0x00000000e0000000,0x00000000e0000000,0x00000000ea900000)
  from space 19456K, 19% used [0x00000000ea900000,0x00000000eacac010,0x00000000ebc00000)
  to   space 19456K, 0% used [0x00000000edb80000,0x00000000edb80000,0x00000000eee80000)
 ParOldGen       total 133120K, used 57721K [0x00000000a0000000, 0x00000000a8200000, 0x00000000e0000000)
  object space 133120K, 43% used [0x00000000a0000000,0x00000000a385e4a0,0x00000000a8200000)
 Metaspace       used 68534K, capacity 71576K, committed 71896K, reserved 1112064K
  class space    used 9045K, capacity 9861K, committed 9984K, reserved 1048576K
}
Event: 605.583 GC heap before
{Heap before GC invocations=23 (full 3):
 PSYoungGen      total 192512K, used 176816K [0x00000000e0000000, 0x00000000eee80000, 0x0000000100000000)
  eden space 173056K, 100% used [0x00000000e0000000,0x00000000ea900000,0x00000000ea900000)
  from space 19456K, 19% used [0x00000000ea900000,0x00000000eacac010,0x00000000ebc00000)
  to   space 19456K, 0% used [0x00000000edb80000,0x00000000edb80000,0x00000000eee80000)
 ParOldGen       total 133120K, used 57721K [0x00000000a0000000, 0x00000000a8200000, 0x00000000e0000000)
  object space 133120K, 43% used [0x00000000a0000000,0x00000000a385e4a0,0x00000000a8200000)
 Metaspace       used 70559K, capacity 74006K, committed 74200K, reserved 1114112K
  class space    used 9290K, capacity 10174K, committed 10240K, reserved 1048576K
Event: 605.593 GC heap after
Heap after GC invocations=23 (full 3):
 PSYoungGen      total 212480K, used 6972K [0x00000000e0000000, 0x00000000ee780000, 0x0000000100000000)
  eden space 200192K, 0% used [0x00000000e0000000,0x00000000e0000000,0x00000000ec380000)
  from space 12288K, 56% used [0x00000000edb80000,0x00000000ee24f1f0,0x00000000ee780000)
  to   space 18432K, 0% used [0x00000000ec380000,0x00000000ec380000,0x00000000ed580000)
 ParOldGen       total 133120K, used 57729K [0x00000000a0000000, 0x00000000a8200000, 0x00000000e0000000)
  object space 133120K, 43% used [0x00000000a0000000,0x00000000a38604a0,0x00000000a8200000)
 Metaspace       used 70559K, capacity 74006K, committed 74200K, reserved 1114112K
  class space    used 9290K, capacity 10174K, committed 10240K, reserved 1048576K
}
Event: 616.280 GC heap before
{Heap before GC invocations=24 (full 3):
 PSYoungGen      total 212480K, used 207024K [0x00000000e0000000, 0x00000000ee780000, 0x0000000100000000)
  eden space 200192K, 99% used [0x00000000e0000000,0x00000000ec35d0f8,0x00000000ec380000)
  from space 12288K, 56% used [0x00000000edb80000,0x00000000ee24f1f0,0x00000000ee780000)
  to   space 18432K, 0% used [0x00000000ec380000,0x00000000ec380000,0x00000000ed580000)
 ParOldGen       total 133120K, used 57729K [0x00000000a0000000, 0x00000000a8200000, 0x00000000e0000000)
  object space 133120K, 43% used [0x00000000a0000000,0x00000000a38604a0,0x00000000a8200000)
 Metaspace       used 78367K, capacity 82110K, committed 82392K, reserved 1120256K
  class space    used 10174K, capacity 11142K, committed 11264K, reserved 1048576K
Event: 616.304 GC heap after
Heap after GC invocations=24 (full 3):
 PSYoungGen      total 218624K, used 18416K [0x00000000e0000000, 0x00000000f0800000, 0x0000000100000000)
  eden space 200192K, 0% used [0x00000000e0000000,0x00000000e0000000,0x00000000ec380000)
  from space 18432K, 99% used [0x00000000ec380000,0x00000000ed57c158,0x00000000ed580000)
  to   space 21504K, 0% used [0x00000000ef300000,0x00000000ef300000,0x00000000f0800000)
 ParOldGen       total 133120K, used 58851K [0x00000000a0000000, 0x00000000a8200000, 0x00000000e0000000)
  object space 133120K, 44% used [0x00000000a0000000,0x00000000a3978e90,0x00000000a8200000)
 Metaspace       used 78367K, capacity 82110K, committed 82392K, reserved 1120256K
  class space    used 10174K, capacity 11142K, committed 11264K, reserved 1048576K
}
Event: 616.323 GC heap before
{Heap before GC invocations=25 (full 3):
 PSYoungGen      total 218624K, used 218248K [0x00000000e0000000, 0x00000000f0800000, 0x0000000100000000)
  eden space 200192K, 99% used [0x00000000e0000000,0x00000000ec3261e0,0x00000000ec380000)
  from space 18432K, 99% used [0x00000000ec380000,0x00000000ed57c158,0x00000000ed580000)
  to   space 21504K, 0% used [0x00000000ef300000,0x00000000ef300000,0x00000000f0800000)
 ParOldGen       total 133120K, used 58851K [0x00000000a0000000, 0x00000000a8200000, 0x00000000e0000000)
  object space 133120K, 44% used [0x00000000a0000000,0x00000000a3978e90,0x00000000a8200000)
 Metaspace       used 78374K, capacity 82110K, committed 82392K, reserved 1120256K
  class space    used 10174K, capacity 11142K, committed 11264K, reserved 1048576K
Event: 616.341 GC heap after
Heap after GC invocations=25 (full 3):
 PSYoungGen      total 248832K, used 12293K [0x00000000e0000000, 0x00000000f3300000, 0x0000000100000000)
  eden space 227328K, 0% used [0x00000000e0000000,0x00000000e0000000,0x00000000ede00000)
  from space 21504K, 57% used [0x00000000ef300000,0x00000000eff01430,0x00000000f0800000)
  to   space 21504K, 0% used [0x00000000ede00000,0x00000000ede00000,0x00000000ef300000)
 ParOldGen       total 133120K, used 63828K [0x00000000a0000000, 0x00000000a8200000, 0x00000000e0000000)
  object space 133120K, 47% used [0x00000000a0000000,0x00000000a3e55318,0x00000000a8200000)
 Metaspace       used 78374K, capacity 82110K, committed 82392K, reserved 1120256K
  class space    used 10174K, capacity 11142K, committed 11264K, reserved 1048576K
}
Event: 620.127 GC heap before
{Heap before GC invocations=26 (full 3):
 PSYoungGen      total 248832K, used 239621K [0x00000000e0000000, 0x00000000f3300000, 0x0000000100000000)
  eden space 227328K, 100% used [0x00000000e0000000,0x00000000ede00000,0x00000000ede00000)
  from space 21504K, 57% used [0x00000000ef300000,0x00000000eff01430,0x00000000f0800000)
  to   space 21504K, 0% used [0x00000000ede00000,0x00000000ede00000,0x00000000ef300000)
 ParOldGen       total 133120K, used 63828K [0x00000000a0000000, 0x00000000a8200000, 0x00000000e0000000)
  object space 133120K, 47% used [0x00000000a0000000,0x00000000a3e55318,0x00000000a8200000)
 Metaspace       used 79102K, capacity 83012K, committed 83288K, reserved 1122304K
  class space    used 10284K, capacity 11277K, committed 11392K, reserved 1048576K
Event: 620.142 GC heap after
Heap after GC invocations=26 (full 3):
 PSYoungGen      total 248832K, used 4896K [0x00000000e0000000, 0x00000000f5300000, 0x0000000100000000)
  eden space 227328K, 0% used [0x00000000e0000000,0x00000000e0000000,0x00000000ede00000)
  from space 21504K, 22% used [0x00000000ede00000,0x00000000ee2c8220,0x00000000ef300000)
  to   space 20992K, 0% used [0x00000000f3e80000,0x00000000f3e80000,0x00000000f5300000)
 ParOldGen       total 133120K, used 75455K [0x00000000a0000000, 0x00000000a8200000, 0x00000000e0000000)
  object space 133120K, 56% used [0x00000000a0000000,0x00000000a49afdd0,0x00000000a8200000)
 Metaspace       used 79102K, capacity 83012K, committed 83288K, reserved 1122304K
  class space    used 10284K, capacity 11277K, committed 11392K, reserved 1048576K
}

